2019-08-10 13:21:33.761 [main] INFO  com.example.demo.DemoApplicationTests - Starting DemoApplicationTests on NSX30013 with PID 14424 (started by ZZU in E:\ideaPro\mySpringBoot)
2019-08-10 13:21:33.762 [main] INFO  com.example.demo.DemoApplicationTests - The following profiles are active: dev
2019-08-10 13:21:34.429 [main] INFO  o.s.d.r.config.RepositoryConfigurationDelegate - Multiple Spring Data modules found, entering strict repository configuration mode!
2019-08-10 13:21:34.432 [main] INFO  o.s.d.r.config.RepositoryConfigurationDelegate - Bootstrapping Spring Data repositories in DEFAULT mode.
2019-08-10 13:21:34.457 [main] INFO  o.s.d.r.config.RepositoryConfigurationDelegate - Finished Spring Data repository scanning in 12ms. Found 0 repository interfaces.
2019-08-10 13:21:35.215 [main] INFO  o.s.boot.web.embedded.tomcat.TomcatWebServer - Tomcat initialized with port(s): 0 (http)
2019-08-10 13:21:35.236 [main] INFO  org.apache.catalina.core.StandardService - Starting service [Tomcat]
2019-08-10 13:21:35.237 [main] INFO  org.apache.catalina.core.StandardEngine - Starting Servlet engine: [Apache Tomcat/9.0.22]
2019-08-10 13:21:35.403 [main] INFO  o.a.c.c.ContainerBase.[Tomcat].[localhost].[/lxh] - Initializing Spring embedded WebApplicationContext
2019-08-10 13:21:35.403 [main] INFO  org.springframework.web.context.ContextLoader - Root WebApplicationContext: initialization completed in 1617 ms
2019-08-10 13:21:35.808 [main] INFO  o.s.scheduling.concurrent.ThreadPoolTaskExecutor - Initializing ExecutorService 'applicationTaskExecutor'
2019-08-10 13:21:36.204 [main] INFO  o.s.boot.web.embedded.tomcat.TomcatWebServer - Tomcat started on port(s): 27022 (http) with context path '/lxh'
2019-08-10 13:21:36.207 [main] INFO  com.example.demo.DemoApplicationTests - Started DemoApplicationTests in 2.761 seconds (JVM running for 3.392)
2019-08-10 13:21:36.357 [main] INFO  com.example.demo.DemoApplicationTests - 这是info日志
2019-08-10 13:21:36.358 [main] WARN  com.example.demo.DemoApplicationTests - 这是warn日志
2019-08-10 13:21:36.358 [main] ERROR com.example.demo.DemoApplicationTests - 这是error日志
2019-08-10 13:21:36.364 [Thread-3] INFO  o.s.scheduling.concurrent.ThreadPoolTaskExecutor - Shutting down ExecutorService 'applicationTaskExecutor'
2019-08-10 13:27:08.783 [main] INFO  com.example.demo.DemoApplicationTests - Starting DemoApplicationTests on NSX30013 with PID 2156 (started by ZZU in E:\ideaPro\mySpringBoot)
2019-08-10 13:27:08.784 [main] INFO  com.example.demo.DemoApplicationTests - The following profiles are active: dev
2019-08-10 13:27:09.464 [main] INFO  o.s.d.r.config.RepositoryConfigurationDelegate - Multiple Spring Data modules found, entering strict repository configuration mode!
2019-08-10 13:27:09.467 [main] INFO  o.s.d.r.config.RepositoryConfigurationDelegate - Bootstrapping Spring Data repositories in DEFAULT mode.
2019-08-10 13:27:09.495 [main] INFO  o.s.d.r.config.RepositoryConfigurationDelegate - Finished Spring Data repository scanning in 15ms. Found 0 repository interfaces.
2019-08-10 13:27:10.268 [main] INFO  o.s.boot.web.embedded.tomcat.TomcatWebServer - Tomcat initialized with port(s): 0 (http)
2019-08-10 13:27:10.291 [main] INFO  org.apache.catalina.core.StandardService - Starting service [Tomcat]
2019-08-10 13:27:10.292 [main] INFO  org.apache.catalina.core.StandardEngine - Starting Servlet engine: [Apache Tomcat/9.0.22]
2019-08-10 13:27:10.482 [main] INFO  o.a.c.c.ContainerBase.[Tomcat].[localhost].[/lxh] - Initializing Spring embedded WebApplicationContext
2019-08-10 13:27:10.482 [main] INFO  org.springframework.web.context.ContextLoader - Root WebApplicationContext: initialization completed in 1676 ms
2019-08-10 13:27:10.891 [main] INFO  o.s.scheduling.concurrent.ThreadPoolTaskExecutor - Initializing ExecutorService 'applicationTaskExecutor'
2019-08-10 13:27:11.339 [main] INFO  o.s.boot.web.embedded.tomcat.TomcatWebServer - Tomcat started on port(s): 27482 (http) with context path '/lxh'
2019-08-10 13:27:11.341 [main] INFO  com.example.demo.DemoApplicationTests - Started DemoApplicationTests in 2.901 seconds (JVM running for 3.512)
2019-08-10 13:27:11.492 [Thread-3] INFO  o.s.scheduling.concurrent.ThreadPoolTaskExecutor - Shutting down ExecutorService 'applicationTaskExecutor'
2019-08-10 13:27:47.481 [main] INFO  com.example.demo.DemoApplicationTests - Starting DemoApplicationTests on NSX30013 with PID 8160 (started by ZZU in E:\ideaPro\mySpringBoot)
2019-08-10 13:27:47.482 [main] INFO  com.example.demo.DemoApplicationTests - The following profiles are active: dev
2019-08-10 13:27:48.232 [main] INFO  o.s.d.r.config.RepositoryConfigurationDelegate - Multiple Spring Data modules found, entering strict repository configuration mode!
2019-08-10 13:27:48.236 [main] INFO  o.s.d.r.config.RepositoryConfigurationDelegate - Bootstrapping Spring Data repositories in DEFAULT mode.
2019-08-10 13:27:48.277 [main] INFO  o.s.d.r.config.RepositoryConfigurationDelegate - Finished Spring Data repository scanning in 22ms. Found 0 repository interfaces.
2019-08-10 13:27:49.066 [main] INFO  o.s.boot.web.embedded.tomcat.TomcatWebServer - Tomcat initialized with port(s): 0 (http)
2019-08-10 13:27:49.092 [main] INFO  org.apache.catalina.core.StandardService - Starting service [Tomcat]
2019-08-10 13:27:49.092 [main] INFO  org.apache.catalina.core.StandardEngine - Starting Servlet engine: [Apache Tomcat/9.0.22]
2019-08-10 13:27:49.323 [main] INFO  o.a.c.c.ContainerBase.[Tomcat].[localhost].[/lxh] - Initializing Spring embedded WebApplicationContext
2019-08-10 13:27:49.323 [main] INFO  org.springframework.web.context.ContextLoader - Root WebApplicationContext: initialization completed in 1819 ms
2019-08-10 13:27:49.708 [main] INFO  o.s.scheduling.concurrent.ThreadPoolTaskExecutor - Initializing ExecutorService 'applicationTaskExecutor'
2019-08-10 13:27:50.141 [main] INFO  o.s.boot.web.embedded.tomcat.TomcatWebServer - Tomcat started on port(s): 27539 (http) with context path '/lxh'
2019-08-10 13:27:50.144 [main] INFO  com.example.demo.DemoApplicationTests - Started DemoApplicationTests in 2.996 seconds (JVM running for 3.635)
2019-08-10 13:27:50.321 [Thread-3] INFO  o.s.scheduling.concurrent.ThreadPoolTaskExecutor - Shutting down ExecutorService 'applicationTaskExecutor'
2019-08-10 13:35:34.651 [main] INFO  com.example.demo.DemoApplicationTests - Starting DemoApplicationTests on NSX30013 with PID 13604 (started by ZZU in E:\ideaPro\mySpringBoot)
2019-08-10 13:35:34.652 [main] INFO  com.example.demo.DemoApplicationTests - The following profiles are active: dev
2019-08-10 13:35:35.362 [main] INFO  o.s.d.r.config.RepositoryConfigurationDelegate - Multiple Spring Data modules found, entering strict repository configuration mode!
2019-08-10 13:35:35.365 [main] INFO  o.s.d.r.config.RepositoryConfigurationDelegate - Bootstrapping Spring Data repositories in DEFAULT mode.
2019-08-10 13:35:35.391 [main] INFO  o.s.d.r.config.RepositoryConfigurationDelegate - Finished Spring Data repository scanning in 13ms. Found 0 repository interfaces.
2019-08-10 13:35:36.189 [main] INFO  o.s.boot.web.embedded.tomcat.TomcatWebServer - Tomcat initialized with port(s): 0 (http)
2019-08-10 13:35:36.215 [main] INFO  org.apache.catalina.core.StandardService - Starting service [Tomcat]
2019-08-10 13:35:36.216 [main] INFO  org.apache.catalina.core.StandardEngine - Starting Servlet engine: [Apache Tomcat/9.0.22]
2019-08-10 13:35:36.454 [main] INFO  o.a.c.c.ContainerBase.[Tomcat].[localhost].[/lxh] - Initializing Spring embedded WebApplicationContext
2019-08-10 13:35:36.455 [main] INFO  org.springframework.web.context.ContextLoader - Root WebApplicationContext: initialization completed in 1781 ms
2019-08-10 13:35:36.837 [main] INFO  o.s.scheduling.concurrent.ThreadPoolTaskExecutor - Initializing ExecutorService 'applicationTaskExecutor'
2019-08-10 13:35:37.351 [main] INFO  o.s.boot.web.embedded.tomcat.TomcatWebServer - Tomcat started on port(s): 28072 (http) with context path '/lxh'
2019-08-10 13:35:37.353 [main] INFO  com.example.demo.DemoApplicationTests - Started DemoApplicationTests in 3.026 seconds (JVM running for 3.653)
2019-08-10 13:35:37.505 [Thread-3] INFO  o.s.scheduling.concurrent.ThreadPoolTaskExecutor - Shutting down ExecutorService 'applicationTaskExecutor'
2019-08-10 13:35:57.330 [main] INFO  com.example.demo.DemoApplicationTests - Starting DemoApplicationTests on NSX30013 with PID 7988 (started by ZZU in E:\ideaPro\mySpringBoot)
2019-08-10 13:35:57.331 [main] INFO  com.example.demo.DemoApplicationTests - The following profiles are active: dev
2019-08-10 13:35:57.958 [main] INFO  o.s.d.r.config.RepositoryConfigurationDelegate - Multiple Spring Data modules found, entering strict repository configuration mode!
2019-08-10 13:35:57.960 [main] INFO  o.s.d.r.config.RepositoryConfigurationDelegate - Bootstrapping Spring Data repositories in DEFAULT mode.
2019-08-10 13:35:57.987 [main] INFO  o.s.d.r.config.RepositoryConfigurationDelegate - Finished Spring Data repository scanning in 15ms. Found 0 repository interfaces.
2019-08-10 13:35:58.657 [main] INFO  o.s.boot.web.embedded.tomcat.TomcatWebServer - Tomcat initialized with port(s): 0 (http)
2019-08-10 13:35:58.678 [main] INFO  org.apache.catalina.core.StandardService - Starting service [Tomcat]
2019-08-10 13:35:58.679 [main] INFO  org.apache.catalina.core.StandardEngine - Starting Servlet engine: [Apache Tomcat/9.0.22]
2019-08-10 13:35:58.849 [main] INFO  o.a.c.c.ContainerBase.[Tomcat].[localhost].[/lxh] - Initializing Spring embedded WebApplicationContext
2019-08-10 13:35:58.849 [main] INFO  org.springframework.web.context.ContextLoader - Root WebApplicationContext: initialization completed in 1498 ms
2019-08-10 13:35:59.223 [main] INFO  o.s.scheduling.concurrent.ThreadPoolTaskExecutor - Initializing ExecutorService 'applicationTaskExecutor'
2019-08-10 13:35:59.617 [main] INFO  o.s.boot.web.embedded.tomcat.TomcatWebServer - Tomcat started on port(s): 28106 (http) with context path '/lxh'
2019-08-10 13:35:59.619 [main] INFO  com.example.demo.DemoApplicationTests - Started DemoApplicationTests in 2.605 seconds (JVM running for 3.199)
2019-08-10 13:35:59.750 [Thread-3] INFO  o.s.scheduling.concurrent.ThreadPoolTaskExecutor - Shutting down ExecutorService 'applicationTaskExecutor'
2019-08-10 13:54:21.134 [main] INFO  com.example.demo.DemoApplicationTests - Starting DemoApplicationTests on NSX30013 with PID 11812 (started by ZZU in E:\ideaPro\mySpringBoot)
2019-08-10 13:54:21.135 [main] INFO  com.example.demo.DemoApplicationTests - The following profiles are active: dev
2019-08-10 13:54:21.883 [main] INFO  o.s.d.r.config.RepositoryConfigurationDelegate - Multiple Spring Data modules found, entering strict repository configuration mode!
2019-08-10 13:54:21.886 [main] INFO  o.s.d.r.config.RepositoryConfigurationDelegate - Bootstrapping Spring Data repositories in DEFAULT mode.
2019-08-10 13:54:21.912 [main] INFO  o.s.d.r.config.RepositoryConfigurationDelegate - Finished Spring Data repository scanning in 14ms. Found 0 repository interfaces.
2019-08-10 13:54:22.660 [main] INFO  o.s.boot.web.embedded.tomcat.TomcatWebServer - Tomcat initialized with port(s): 0 (http)
2019-08-10 13:54:22.685 [main] INFO  org.apache.catalina.core.StandardService - Starting service [Tomcat]
2019-08-10 13:54:22.685 [main] INFO  org.apache.catalina.core.StandardEngine - Starting Servlet engine: [Apache Tomcat/9.0.22]
2019-08-10 13:54:22.898 [main] INFO  o.a.c.c.ContainerBase.[Tomcat].[localhost].[/lxh] - Initializing Spring embedded WebApplicationContext
2019-08-10 13:54:22.898 [main] INFO  org.springframework.web.context.ContextLoader - Root WebApplicationContext: initialization completed in 1745 ms
2019-08-10 13:54:23.295 [main] INFO  o.s.scheduling.concurrent.ThreadPoolTaskExecutor - Initializing ExecutorService 'applicationTaskExecutor'
2019-08-10 13:54:23.756 [main] INFO  o.s.boot.web.embedded.tomcat.TomcatWebServer - Tomcat started on port(s): 29753 (http) with context path '/lxh'
2019-08-10 13:54:23.759 [main] INFO  com.example.demo.DemoApplicationTests - Started DemoApplicationTests in 2.939 seconds (JVM running for 3.711)
2019-08-10 13:54:23.888 [Thread-3] INFO  o.s.scheduling.concurrent.ThreadPoolTaskExecutor - Shutting down ExecutorService 'applicationTaskExecutor'
2019-08-10 14:00:28.749 [main] INFO  com.example.demo.DemoApplicationTests - Starting DemoApplicationTests on NSX30013 with PID 2228 (started by ZZU in E:\ideaPro\mySpringBoot)
2019-08-10 14:00:28.750 [main] INFO  com.example.demo.DemoApplicationTests - The following profiles are active: dev
2019-08-10 14:00:29.432 [main] INFO  o.s.d.r.config.RepositoryConfigurationDelegate - Multiple Spring Data modules found, entering strict repository configuration mode!
2019-08-10 14:00:29.435 [main] INFO  o.s.d.r.config.RepositoryConfigurationDelegate - Bootstrapping Spring Data repositories in DEFAULT mode.
2019-08-10 14:00:29.463 [main] INFO  o.s.d.r.config.RepositoryConfigurationDelegate - Finished Spring Data repository scanning in 15ms. Found 0 repository interfaces.
2019-08-10 14:00:30.222 [main] INFO  o.s.boot.web.embedded.tomcat.TomcatWebServer - Tomcat initialized with port(s): 0 (http)
2019-08-10 14:00:30.248 [main] INFO  org.apache.catalina.core.StandardService - Starting service [Tomcat]
2019-08-10 14:00:30.248 [main] INFO  org.apache.catalina.core.StandardEngine - Starting Servlet engine: [Apache Tomcat/9.0.22]
2019-08-10 14:00:30.460 [main] INFO  o.a.c.c.ContainerBase.[Tomcat].[localhost].[/lxh] - Initializing Spring embedded WebApplicationContext
2019-08-10 14:00:30.460 [main] INFO  org.springframework.web.context.ContextLoader - Root WebApplicationContext: initialization completed in 1690 ms
2019-08-10 14:00:30.864 [main] INFO  o.s.scheduling.concurrent.ThreadPoolTaskExecutor - Initializing ExecutorService 'applicationTaskExecutor'
2019-08-10 14:00:31.462 [main] INFO  o.s.boot.web.embedded.tomcat.TomcatWebServer - Tomcat started on port(s): 30149 (http) with context path '/lxh'
2019-08-10 14:00:31.465 [main] INFO  com.example.demo.DemoApplicationTests - Started DemoApplicationTests in 3.083 seconds (JVM running for 3.759)
2019-08-10 14:00:31.647 [Thread-3] INFO  o.s.scheduling.concurrent.ThreadPoolTaskExecutor - Shutting down ExecutorService 'applicationTaskExecutor'
2019-08-10 14:00:44.333 [main] INFO  com.example.demo.DemoApplicationTests - Starting DemoApplicationTests on NSX30013 with PID 13652 (started by ZZU in E:\ideaPro\mySpringBoot)
2019-08-10 14:00:44.334 [main] INFO  com.example.demo.DemoApplicationTests - The following profiles are active: dev
2019-08-10 14:00:45.019 [main] INFO  o.s.d.r.config.RepositoryConfigurationDelegate - Multiple Spring Data modules found, entering strict repository configuration mode!
2019-08-10 14:00:45.024 [main] INFO  o.s.d.r.config.RepositoryConfigurationDelegate - Bootstrapping Spring Data repositories in DEFAULT mode.
2019-08-10 14:00:45.056 [main] INFO  o.s.d.r.config.RepositoryConfigurationDelegate - Finished Spring Data repository scanning in 20ms. Found 0 repository interfaces.
2019-08-10 14:00:45.803 [main] INFO  o.s.boot.web.embedded.tomcat.TomcatWebServer - Tomcat initialized with port(s): 0 (http)
2019-08-10 14:00:45.827 [main] INFO  org.apache.catalina.core.StandardService - Starting service [Tomcat]
2019-08-10 14:00:45.828 [main] INFO  org.apache.catalina.core.StandardEngine - Starting Servlet engine: [Apache Tomcat/9.0.22]
2019-08-10 14:00:46.005 [main] INFO  o.a.c.c.ContainerBase.[Tomcat].[localhost].[/lxh] - Initializing Spring embedded WebApplicationContext
2019-08-10 14:00:46.006 [main] INFO  org.springframework.web.context.ContextLoader - Root WebApplicationContext: initialization completed in 1652 ms
2019-08-10 14:00:46.416 [main] INFO  o.s.scheduling.concurrent.ThreadPoolTaskExecutor - Initializing ExecutorService 'applicationTaskExecutor'
2019-08-10 14:00:46.862 [main] INFO  o.s.boot.web.embedded.tomcat.TomcatWebServer - Tomcat started on port(s): 30179 (http) with context path '/lxh'
2019-08-10 14:00:46.865 [main] INFO  com.example.demo.DemoApplicationTests - Started DemoApplicationTests in 2.881 seconds (JVM running for 3.637)
2019-08-10 14:00:47.017 [Thread-3] INFO  o.s.scheduling.concurrent.ThreadPoolTaskExecutor - Shutting down ExecutorService 'applicationTaskExecutor'
2019-08-10 14:07:35.951 [main] INFO  com.example.demo.DemoApplicationTests - Starting DemoApplicationTests on NSX30013 with PID 8172 (started by ZZU in E:\ideaPro\mySpringBoot)
2019-08-10 14:07:35.953 [main] INFO  com.example.demo.DemoApplicationTests - The following profiles are active: dev
2019-08-10 14:07:36.664 [main] INFO  o.s.d.r.config.RepositoryConfigurationDelegate - Multiple Spring Data modules found, entering strict repository configuration mode!
2019-08-10 14:07:36.667 [main] INFO  o.s.d.r.config.RepositoryConfigurationDelegate - Bootstrapping Spring Data repositories in DEFAULT mode.
2019-08-10 14:07:36.703 [main] INFO  o.s.d.r.config.RepositoryConfigurationDelegate - Finished Spring Data repository scanning in 22ms. Found 0 repository interfaces.
2019-08-10 14:07:37.454 [main] INFO  o.s.boot.web.embedded.tomcat.TomcatWebServer - Tomcat initialized with port(s): 0 (http)
2019-08-10 14:07:37.482 [main] INFO  org.apache.catalina.core.StandardService - Starting service [Tomcat]
2019-08-10 14:07:37.482 [main] INFO  org.apache.catalina.core.StandardEngine - Starting Servlet engine: [Apache Tomcat/9.0.22]
2019-08-10 14:07:37.683 [main] INFO  o.a.c.c.ContainerBase.[Tomcat].[localhost].[/lxh] - Initializing Spring embedded WebApplicationContext
2019-08-10 14:07:37.684 [main] INFO  org.springframework.web.context.ContextLoader - Root WebApplicationContext: initialization completed in 1715 ms
2019-08-10 14:07:38.063 [main] INFO  o.s.scheduling.concurrent.ThreadPoolTaskExecutor - Initializing ExecutorService 'applicationTaskExecutor'
2019-08-10 14:07:38.481 [main] INFO  o.s.boot.web.embedded.tomcat.TomcatWebServer - Tomcat started on port(s): 30686 (http) with context path '/lxh'
2019-08-10 14:07:38.485 [main] INFO  com.example.demo.DemoApplicationTests - Started DemoApplicationTests in 2.872 seconds (JVM running for 3.581)
2019-08-10 14:07:38.620 [main] INFO  com.example.demo.DemoApplicationTests - 这是info日志
2019-08-10 14:07:38.620 [main] WARN  com.example.demo.DemoApplicationTests - 这是warn日志
2019-08-10 14:07:38.620 [main] ERROR com.example.demo.DemoApplicationTests - 这是error日志
2019-08-10 14:07:38.630 [Thread-3] INFO  o.s.scheduling.concurrent.ThreadPoolTaskExecutor - Shutting down ExecutorService 'applicationTaskExecutor'
2019-08-10 14:12:52.989 [main] INFO  com.example.demo.DemoApplicationTests - Starting DemoApplicationTests on NSX30013 with PID 9664 (started by ZZU in E:\ideaPro\mySpringBoot)
2019-08-10 14:12:52.990 [main] INFO  com.example.demo.DemoApplicationTests - The following profiles are active: dev
2019-08-10 14:12:53.688 [main] INFO  o.s.d.r.config.RepositoryConfigurationDelegate - Multiple Spring Data modules found, entering strict repository configuration mode!
2019-08-10 14:12:53.691 [main] INFO  o.s.d.r.config.RepositoryConfigurationDelegate - Bootstrapping Spring Data repositories in DEFAULT mode.
2019-08-10 14:12:53.720 [main] INFO  o.s.d.r.config.RepositoryConfigurationDelegate - Finished Spring Data repository scanning in 16ms. Found 0 repository interfaces.
2019-08-10 14:12:54.203 [main] INFO  o.s.c.s.PostProcessorRegistrationDelegate$BeanPostProcessorChecker - Bean 'org.springframework.transaction.annotation.ProxyTransactionManagementConfiguration' of type [org.springframework.transaction.annotation.ProxyTransactionManagementConfiguration$$EnhancerBySpringCGLIB$$bf8411c] is not eligible for getting processed by all BeanPostProcessors (for example: not eligible for auto-proxying)
2019-08-10 14:12:54.624 [main] INFO  o.s.boot.web.embedded.tomcat.TomcatWebServer - Tomcat initialized with port(s): 0 (http)
2019-08-10 14:12:54.650 [main] INFO  org.apache.catalina.core.StandardService - Starting service [Tomcat]
2019-08-10 14:12:54.650 [main] INFO  org.apache.catalina.core.StandardEngine - Starting Servlet engine: [Apache Tomcat/9.0.22]
2019-08-10 14:12:54.834 [main] INFO  o.a.c.c.ContainerBase.[Tomcat].[localhost].[/lxh] - Initializing Spring embedded WebApplicationContext
2019-08-10 14:12:54.834 [main] INFO  org.springframework.web.context.ContextLoader - Root WebApplicationContext: initialization completed in 1825 ms
2019-08-10 14:12:55.427 [main] INFO  o.s.scheduling.concurrent.ThreadPoolTaskExecutor - Initializing ExecutorService 'applicationTaskExecutor'
2019-08-10 14:12:55.633 [main] WARN  o.s.b.w.s.c.AnnotationConfigServletWebServerApplicationContext - Exception encountered during context initialization - cancelling refresh attempt: org.springframework.beans.factory.BeanCreationException: Error creating bean with name 'dataSource' defined in class path resource [org/springframework/boot/autoconfigure/jdbc/DataSourceConfiguration$Hikari.class]: Bean instantiation via factory method failed; nested exception is org.springframework.beans.BeanInstantiationException: Failed to instantiate [com.zaxxer.hikari.HikariDataSource]: Factory method 'dataSource' threw exception; nested exception is org.springframework.boot.autoconfigure.jdbc.DataSourceProperties$DataSourceBeanCreationException: Failed to determine a suitable driver class
2019-08-10 14:12:55.634 [main] INFO  o.s.scheduling.concurrent.ThreadPoolTaskExecutor - Shutting down ExecutorService 'applicationTaskExecutor'
2019-08-10 14:12:55.637 [main] INFO  org.apache.catalina.core.StandardService - Stopping service [Tomcat]
2019-08-10 14:12:55.905 [main] INFO  o.s.b.a.l.ConditionEvaluationReportLoggingListener - 

Error starting ApplicationContext. To display the conditions report re-run your application with 'debug' enabled.
2019-08-10 14:12:55.906 [main] ERROR o.s.b.diagnostics.LoggingFailureAnalysisReporter - 

***************************
APPLICATION FAILED TO START
***************************

Description:

Failed to configure a DataSource: 'url' attribute is not specified and no embedded datasource could be configured.

Reason: Failed to determine a suitable driver class


Action:

Consider the following:
	If you want an embedded database (H2, HSQL or Derby), please put it on the classpath.
	If you have database settings to be loaded from a particular profile you may need to activate it (no profiles are currently active).

2019-08-10 14:12:55.943 [main] INFO  com.example.demo.DemoApplicationTests - Starting DemoApplicationTests on NSX30013 with PID 9664 (started by ZZU in E:\ideaPro\mySpringBoot)
2019-08-10 14:12:55.944 [main] INFO  com.example.demo.DemoApplicationTests - The following profiles are active: dev
2019-08-10 14:12:56.093 [main] INFO  o.s.d.r.config.RepositoryConfigurationDelegate - Multiple Spring Data modules found, entering strict repository configuration mode!
2019-08-10 14:12:56.094 [main] INFO  o.s.d.r.config.RepositoryConfigurationDelegate - Bootstrapping Spring Data repositories in DEFAULT mode.
2019-08-10 14:12:56.098 [main] INFO  o.s.d.r.config.RepositoryConfigurationDelegate - Finished Spring Data repository scanning in 4ms. Found 0 repository interfaces.
2019-08-10 14:12:56.163 [main] INFO  o.s.c.s.PostProcessorRegistrationDelegate$BeanPostProcessorChecker - Bean 'org.springframework.transaction.annotation.ProxyTransactionManagementConfiguration' of type [org.springframework.transaction.annotation.ProxyTransactionManagementConfiguration$$EnhancerBySpringCGLIB$$bf8411c] is not eligible for getting processed by all BeanPostProcessors (for example: not eligible for auto-proxying)
2019-08-10 14:12:56.314 [main] INFO  o.s.boot.web.embedded.tomcat.TomcatWebServer - Tomcat initialized with port(s): 0 (http)
2019-08-10 14:12:56.315 [main] INFO  org.apache.catalina.core.StandardService - Starting service [Tomcat]
2019-08-10 14:12:56.315 [main] INFO  org.apache.catalina.core.StandardEngine - Starting Servlet engine: [Apache Tomcat/9.0.22]
2019-08-10 14:12:56.335 [main] INFO  o.a.c.c.C.[Tomcat-1].[localhost].[/lxh] - Initializing Spring embedded WebApplicationContext
2019-08-10 14:12:56.335 [main] INFO  org.springframework.web.context.ContextLoader - Root WebApplicationContext: initialization completed in 388 ms
2019-08-10 14:12:56.606 [main] INFO  o.s.scheduling.concurrent.ThreadPoolTaskExecutor - Initializing ExecutorService 'applicationTaskExecutor'
2019-08-10 14:12:56.693 [main] WARN  o.s.b.w.s.c.AnnotationConfigServletWebServerApplicationContext - Exception encountered during context initialization - cancelling refresh attempt: org.springframework.beans.factory.BeanCreationException: Error creating bean with name 'dataSource' defined in class path resource [org/springframework/boot/autoconfigure/jdbc/DataSourceConfiguration$Hikari.class]: Bean instantiation via factory method failed; nested exception is org.springframework.beans.BeanInstantiationException: Failed to instantiate [com.zaxxer.hikari.HikariDataSource]: Factory method 'dataSource' threw exception; nested exception is org.springframework.boot.autoconfigure.jdbc.DataSourceProperties$DataSourceBeanCreationException: Failed to determine a suitable driver class
2019-08-10 14:12:56.694 [main] INFO  o.s.scheduling.concurrent.ThreadPoolTaskExecutor - Shutting down ExecutorService 'applicationTaskExecutor'
2019-08-10 14:12:56.694 [main] INFO  org.apache.catalina.core.StandardService - Stopping service [Tomcat]
2019-08-10 14:12:56.698 [main] INFO  o.s.b.a.l.ConditionEvaluationReportLoggingListener - 

Error starting ApplicationContext. To display the conditions report re-run your application with 'debug' enabled.
2019-08-10 14:12:56.698 [main] ERROR o.s.b.diagnostics.LoggingFailureAnalysisReporter - 

***************************
APPLICATION FAILED TO START
***************************

Description:

Failed to configure a DataSource: 'url' attribute is not specified and no embedded datasource could be configured.

Reason: Failed to determine a suitable driver class


Action:

Consider the following:
	If you want an embedded database (H2, HSQL or Derby), please put it on the classpath.
	If you have database settings to be loaded from a particular profile you may need to activate it (no profiles are currently active).

2019-08-10 14:12:56.703 [main] ERROR o.springframework.test.context.TestContextManager - Caught exception while allowing TestExecutionListener [org.springframework.boot.test.autoconfigure.SpringBootDependencyInjectionTestExecutionListener@96def03] to prepare test instance [com.example.demo.DemoApplicationTests@13e39c73]
java.lang.IllegalStateException: Failed to load ApplicationContext
	at org.springframework.test.context.cache.DefaultCacheAwareContextLoaderDelegate.loadContext(DefaultCacheAwareContextLoaderDelegate.java:125) ~[spring-test-5.1.9.RELEASE.jar:5.1.9.RELEASE]
	at org.springframework.test.context.support.DefaultTestContext.getApplicationContext(DefaultTestContext.java:108) ~[spring-test-5.1.9.RELEASE.jar:5.1.9.RELEASE]
	at org.springframework.test.context.support.DependencyInjectionTestExecutionListener.injectDependencies(DependencyInjectionTestExecutionListener.java:118) ~[spring-test-5.1.9.RELEASE.jar:5.1.9.RELEASE]
	at org.springframework.test.context.support.DependencyInjectionTestExecutionListener.prepareTestInstance(DependencyInjectionTestExecutionListener.java:83) ~[spring-test-5.1.9.RELEASE.jar:5.1.9.RELEASE]
	at org.springframework.boot.test.autoconfigure.SpringBootDependencyInjectionTestExecutionListener.prepareTestInstance(SpringBootDependencyInjectionTestExecutionListener.java:43) ~[spring-boot-test-autoconfigure-2.1.7.RELEASE.jar:2.1.7.RELEASE]
	at org.springframework.test.context.TestContextManager.prepareTestInstance(TestContextManager.java:246) ~[spring-test-5.1.9.RELEASE.jar:5.1.9.RELEASE]
	at org.springframework.test.context.junit4.SpringJUnit4ClassRunner.createTest(SpringJUnit4ClassRunner.java:227) [spring-test-5.1.9.RELEASE.jar:5.1.9.RELEASE]
	at org.springframework.test.context.junit4.SpringJUnit4ClassRunner$1.runReflectiveCall(SpringJUnit4ClassRunner.java:289) [spring-test-5.1.9.RELEASE.jar:5.1.9.RELEASE]
	at org.junit.internal.runners.model.ReflectiveCallable.run(ReflectiveCallable.java:12) [junit-4.12.jar:4.12]
	at org.springframework.test.context.junit4.SpringJUnit4ClassRunner.methodBlock(SpringJUnit4ClassRunner.java:291) [spring-test-5.1.9.RELEASE.jar:5.1.9.RELEASE]
	at org.springframework.test.context.junit4.SpringJUnit4ClassRunner.runChild(SpringJUnit4ClassRunner.java:246) [spring-test-5.1.9.RELEASE.jar:5.1.9.RELEASE]
	at org.springframework.test.context.junit4.SpringJUnit4ClassRunner.runChild(SpringJUnit4ClassRunner.java:97) [spring-test-5.1.9.RELEASE.jar:5.1.9.RELEASE]
	at org.junit.runners.ParentRunner$3.run(ParentRunner.java:290) [junit-4.12.jar:4.12]
	at org.junit.runners.ParentRunner$1.schedule(ParentRunner.java:71) [junit-4.12.jar:4.12]
	at org.junit.runners.ParentRunner.runChildren(ParentRunner.java:288) [junit-4.12.jar:4.12]
	at org.junit.runners.ParentRunner.access$000(ParentRunner.java:58) [junit-4.12.jar:4.12]
	at org.junit.runners.ParentRunner$2.evaluate(ParentRunner.java:268) [junit-4.12.jar:4.12]
	at org.springframework.test.context.junit4.statements.RunBeforeTestClassCallbacks.evaluate(RunBeforeTestClassCallbacks.java:61) [spring-test-5.1.9.RELEASE.jar:5.1.9.RELEASE]
	at org.springframework.test.context.junit4.statements.RunAfterTestClassCallbacks.evaluate(RunAfterTestClassCallbacks.java:70) [spring-test-5.1.9.RELEASE.jar:5.1.9.RELEASE]
	at org.junit.runners.ParentRunner.run(ParentRunner.java:363) [junit-4.12.jar:4.12]
	at org.springframework.test.context.junit4.SpringJUnit4ClassRunner.run(SpringJUnit4ClassRunner.java:190) [spring-test-5.1.9.RELEASE.jar:5.1.9.RELEASE]
	at org.junit.runner.JUnitCore.run(JUnitCore.java:137) [junit-4.12.jar:4.12]
	at com.intellij.junit4.JUnit4IdeaTestRunner.startRunnerWithArgs(JUnit4IdeaTestRunner.java:68) [junit-rt.jar:na]
	at com.intellij.rt.execution.junit.IdeaTestRunner$Repeater.startRunnerWithArgs(IdeaTestRunner.java:47) [junit-rt.jar:na]
	at com.intellij.rt.execution.junit.JUnitStarter.prepareStreamsAndStart(JUnitStarter.java:242) [junit-rt.jar:na]
	at com.intellij.rt.execution.junit.JUnitStarter.main(JUnitStarter.java:70) [junit-rt.jar:na]
Caused by: org.springframework.beans.factory.BeanCreationException: Error creating bean with name 'dataSource' defined in class path resource [org/springframework/boot/autoconfigure/jdbc/DataSourceConfiguration$Hikari.class]: Bean instantiation via factory method failed; nested exception is org.springframework.beans.BeanInstantiationException: Failed to instantiate [com.zaxxer.hikari.HikariDataSource]: Factory method 'dataSource' threw exception; nested exception is org.springframework.boot.autoconfigure.jdbc.DataSourceProperties$DataSourceBeanCreationException: Failed to determine a suitable driver class
	at org.springframework.beans.factory.support.ConstructorResolver.instantiate(ConstructorResolver.java:627) ~[spring-beans-5.1.9.RELEASE.jar:5.1.9.RELEASE]
	at org.springframework.beans.factory.support.ConstructorResolver.instantiateUsingFactoryMethod(ConstructorResolver.java:607) ~[spring-beans-5.1.9.RELEASE.jar:5.1.9.RELEASE]
	at org.springframework.beans.factory.support.AbstractAutowireCapableBeanFactory.instantiateUsingFactoryMethod(AbstractAutowireCapableBeanFactory.java:1321) ~[spring-beans-5.1.9.RELEASE.jar:5.1.9.RELEASE]
	at org.springframework.beans.factory.support.AbstractAutowireCapableBeanFactory.createBeanInstance(AbstractAutowireCapableBeanFactory.java:1160) ~[spring-beans-5.1.9.RELEASE.jar:5.1.9.RELEASE]
	at org.springframework.beans.factory.support.AbstractAutowireCapableBeanFactory.doCreateBean(AbstractAutowireCapableBeanFactory.java:555) ~[spring-beans-5.1.9.RELEASE.jar:5.1.9.RELEASE]
	at org.springframework.beans.factory.support.AbstractAutowireCapableBeanFactory.createBean(AbstractAutowireCapableBeanFactory.java:515) ~[spring-beans-5.1.9.RELEASE.jar:5.1.9.RELEASE]
	at org.springframework.beans.factory.support.AbstractBeanFactory.lambda$doGetBean$0(AbstractBeanFactory.java:320) ~[spring-beans-5.1.9.RELEASE.jar:5.1.9.RELEASE]
	at org.springframework.beans.factory.support.DefaultSingletonBeanRegistry.getSingleton(DefaultSingletonBeanRegistry.java:222) ~[spring-beans-5.1.9.RELEASE.jar:5.1.9.RELEASE]
	at org.springframework.beans.factory.support.AbstractBeanFactory.doGetBean(AbstractBeanFactory.java:318) ~[spring-beans-5.1.9.RELEASE.jar:5.1.9.RELEASE]
	at org.springframework.beans.factory.support.AbstractBeanFactory.getBean(AbstractBeanFactory.java:199) ~[spring-beans-5.1.9.RELEASE.jar:5.1.9.RELEASE]
	at org.springframework.beans.factory.support.DefaultListableBeanFactory.preInstantiateSingletons(DefaultListableBeanFactory.java:845) ~[spring-beans-5.1.9.RELEASE.jar:5.1.9.RELEASE]
	at org.springframework.context.support.AbstractApplicationContext.finishBeanFactoryInitialization(AbstractApplicationContext.java:877) ~[spring-context-5.1.9.RELEASE.jar:5.1.9.RELEASE]
	at org.springframework.context.support.AbstractApplicationContext.refresh(AbstractApplicationContext.java:549) ~[spring-context-5.1.9.RELEASE.jar:5.1.9.RELEASE]
	at org.springframework.boot.web.servlet.context.ServletWebServerApplicationContext.refresh(ServletWebServerApplicationContext.java:141) ~[spring-boot-2.1.7.RELEASE.jar:2.1.7.RELEASE]
	at org.springframework.boot.SpringApplication.refresh(SpringApplication.java:743) ~[spring-boot-2.1.7.RELEASE.jar:2.1.7.RELEASE]
	at org.springframework.boot.SpringApplication.refreshContext(SpringApplication.java:390) ~[spring-boot-2.1.7.RELEASE.jar:2.1.7.RELEASE]
	at org.springframework.boot.SpringApplication.run(SpringApplication.java:312) ~[spring-boot-2.1.7.RELEASE.jar:2.1.7.RELEASE]
	at org.springframework.boot.test.context.SpringBootContextLoader.loadContext(SpringBootContextLoader.java:120) ~[spring-boot-test-2.1.7.RELEASE.jar:2.1.7.RELEASE]
	at org.springframework.test.context.cache.DefaultCacheAwareContextLoaderDelegate.loadContextInternal(DefaultCacheAwareContextLoaderDelegate.java:99) ~[spring-test-5.1.9.RELEASE.jar:5.1.9.RELEASE]
	at org.springframework.test.context.cache.DefaultCacheAwareContextLoaderDelegate.loadContext(DefaultCacheAwareContextLoaderDelegate.java:117) ~[spring-test-5.1.9.RELEASE.jar:5.1.9.RELEASE]
	... 25 common frames omitted
Caused by: org.springframework.beans.BeanInstantiationException: Failed to instantiate [com.zaxxer.hikari.HikariDataSource]: Factory method 'dataSource' threw exception; nested exception is org.springframework.boot.autoconfigure.jdbc.DataSourceProperties$DataSourceBeanCreationException: Failed to determine a suitable driver class
	at org.springframework.beans.factory.support.SimpleInstantiationStrategy.instantiate(SimpleInstantiationStrategy.java:185) ~[spring-beans-5.1.9.RELEASE.jar:5.1.9.RELEASE]
	at org.springframework.beans.factory.support.ConstructorResolver.instantiate(ConstructorResolver.java:622) ~[spring-beans-5.1.9.RELEASE.jar:5.1.9.RELEASE]
	... 44 common frames omitted
Caused by: org.springframework.boot.autoconfigure.jdbc.DataSourceProperties$DataSourceBeanCreationException: Failed to determine a suitable driver class
	at org.springframework.boot.autoconfigure.jdbc.DataSourceProperties.determineDriverClassName(DataSourceProperties.java:233) ~[spring-boot-autoconfigure-2.1.7.RELEASE.jar:2.1.7.RELEASE]
	at org.springframework.boot.autoconfigure.jdbc.DataSourceProperties.initializeDataSourceBuilder(DataSourceProperties.java:174) ~[spring-boot-autoconfigure-2.1.7.RELEASE.jar:2.1.7.RELEASE]
	at org.springframework.boot.autoconfigure.jdbc.DataSourceConfiguration.createDataSource(DataSourceConfiguration.java:43) ~[spring-boot-autoconfigure-2.1.7.RELEASE.jar:2.1.7.RELEASE]
	at org.springframework.boot.autoconfigure.jdbc.DataSourceConfiguration$Hikari.dataSource(DataSourceConfiguration.java:85) ~[spring-boot-autoconfigure-2.1.7.RELEASE.jar:2.1.7.RELEASE]
	at org.springframework.boot.autoconfigure.jdbc.DataSourceConfiguration$Hikari$$EnhancerBySpringCGLIB$$4c77ab09.CGLIB$dataSource$0(<generated>) ~[spring-boot-autoconfigure-2.1.7.RELEASE.jar:2.1.7.RELEASE]
	at org.springframework.boot.autoconfigure.jdbc.DataSourceConfiguration$Hikari$$EnhancerBySpringCGLIB$$4c77ab09$$FastClassBySpringCGLIB$$50647bea.invoke(<generated>) ~[spring-boot-autoconfigure-2.1.7.RELEASE.jar:2.1.7.RELEASE]
	at org.springframework.cglib.proxy.MethodProxy.invokeSuper(MethodProxy.java:244) ~[spring-core-5.1.9.RELEASE.jar:5.1.9.RELEASE]
	at org.springframework.context.annotation.ConfigurationClassEnhancer$BeanMethodInterceptor.intercept(ConfigurationClassEnhancer.java:363) ~[spring-context-5.1.9.RELEASE.jar:5.1.9.RELEASE]
	at org.springframework.boot.autoconfigure.jdbc.DataSourceConfiguration$Hikari$$EnhancerBySpringCGLIB$$4c77ab09.dataSource(<generated>) ~[spring-boot-autoconfigure-2.1.7.RELEASE.jar:2.1.7.RELEASE]
	at sun.reflect.NativeMethodAccessorImpl.invoke0(Native Method) ~[na:1.8.0_102]
	at sun.reflect.NativeMethodAccessorImpl.invoke(NativeMethodAccessorImpl.java:62) ~[na:1.8.0_102]
	at sun.reflect.DelegatingMethodAccessorImpl.invoke(DelegatingMethodAccessorImpl.java:43) ~[na:1.8.0_102]
	at java.lang.reflect.Method.invoke(Method.java:498) ~[na:1.8.0_102]
	at org.springframework.beans.factory.support.SimpleInstantiationStrategy.instantiate(SimpleInstantiationStrategy.java:154) ~[spring-beans-5.1.9.RELEASE.jar:5.1.9.RELEASE]
	... 45 common frames omitted
2019-08-10 14:16:14.301 [main] INFO  com.example.demo.DemoApplicationTests - Starting DemoApplicationTests on NSX30013 with PID 6860 (started by ZZU in E:\ideaPro\mySpringBoot)
2019-08-10 14:16:14.302 [main] INFO  com.example.demo.DemoApplicationTests - The following profiles are active: dev
2019-08-10 14:16:15.021 [main] INFO  o.s.d.r.config.RepositoryConfigurationDelegate - Multiple Spring Data modules found, entering strict repository configuration mode!
2019-08-10 14:16:15.025 [main] INFO  o.s.d.r.config.RepositoryConfigurationDelegate - Bootstrapping Spring Data repositories in DEFAULT mode.
2019-08-10 14:16:15.056 [main] INFO  o.s.d.r.config.RepositoryConfigurationDelegate - Finished Spring Data repository scanning in 16ms. Found 0 repository interfaces.
2019-08-10 14:16:15.992 [main] INFO  o.s.boot.web.embedded.tomcat.TomcatWebServer - Tomcat initialized with port(s): 0 (http)
2019-08-10 14:16:16.018 [main] INFO  org.apache.catalina.core.StandardService - Starting service [Tomcat]
2019-08-10 14:16:16.018 [main] INFO  org.apache.catalina.core.StandardEngine - Starting Servlet engine: [Apache Tomcat/9.0.22]
2019-08-10 14:16:16.259 [main] INFO  o.a.c.c.ContainerBase.[Tomcat].[localhost].[/lxh] - Initializing Spring embedded WebApplicationContext
2019-08-10 14:16:16.259 [main] INFO  org.springframework.web.context.ContextLoader - Root WebApplicationContext: initialization completed in 1938 ms
2019-08-10 14:16:16.691 [main] INFO  o.s.scheduling.concurrent.ThreadPoolTaskExecutor - Initializing ExecutorService 'applicationTaskExecutor'
2019-08-10 14:16:17.171 [main] INFO  o.s.boot.web.embedded.tomcat.TomcatWebServer - Tomcat started on port(s): 31418 (http) with context path '/lxh'
2019-08-10 14:16:17.174 [main] INFO  com.example.demo.DemoApplicationTests - Started DemoApplicationTests in 3.306 seconds (JVM running for 4.084)
2019-08-10 14:16:17.334 [Thread-3] INFO  o.s.scheduling.concurrent.ThreadPoolTaskExecutor - Shutting down ExecutorService 'applicationTaskExecutor'
2019-08-10 14:23:33.063 [main] INFO  com.example.demo.DemoApplicationTests - Starting DemoApplicationTests on NSX30013 with PID 4176 (started by ZZU in E:\ideaPro\mySpringBoot)
2019-08-10 14:23:33.064 [main] INFO  com.example.demo.DemoApplicationTests - The following profiles are active: dev
2019-08-10 14:23:34.641 [main] INFO  o.s.d.r.config.RepositoryConfigurationDelegate - Multiple Spring Data modules found, entering strict repository configuration mode!
2019-08-10 14:23:34.643 [main] INFO  o.s.d.r.config.RepositoryConfigurationDelegate - Bootstrapping Spring Data repositories in DEFAULT mode.
2019-08-10 14:23:34.665 [main] INFO  o.s.d.r.config.RepositoryConfigurationDelegate - Finished Spring Data repository scanning in 13ms. Found 0 repository interfaces.
2019-08-10 14:23:36.497 [main] INFO  o.s.c.s.PostProcessorRegistrationDelegate$BeanPostProcessorChecker - Bean 'org.springframework.transaction.annotation.ProxyTransactionManagementConfiguration' of type [org.springframework.transaction.annotation.ProxyTransactionManagementConfiguration$$EnhancerBySpringCGLIB$$bf8411c] is not eligible for getting processed by all BeanPostProcessors (for example: not eligible for auto-proxying)
2019-08-10 14:23:37.470 [main] INFO  o.s.boot.web.embedded.tomcat.TomcatWebServer - Tomcat initialized with port(s): 0 (http)
2019-08-10 14:23:37.512 [main] INFO  org.apache.catalina.core.StandardService - Starting service [Tomcat]
2019-08-10 14:23:37.513 [main] INFO  org.apache.catalina.core.StandardEngine - Starting Servlet engine: [Apache Tomcat/9.0.22]
2019-08-10 14:23:37.740 [main] INFO  o.a.c.c.ContainerBase.[Tomcat].[localhost].[/lxh] - Initializing Spring embedded WebApplicationContext
2019-08-10 14:23:37.740 [main] INFO  org.springframework.web.context.ContextLoader - Root WebApplicationContext: initialization completed in 4656 ms
2019-08-10 14:23:38.171 [main] INFO  o.s.scheduling.concurrent.ThreadPoolTaskExecutor - Initializing ExecutorService 'applicationTaskExecutor'
2019-08-10 14:23:39.838 [main] INFO  o.s.boot.web.embedded.tomcat.TomcatWebServer - Tomcat started on port(s): 31949 (http) with context path '/lxh'
2019-08-10 14:23:39.841 [main] INFO  com.example.demo.DemoApplicationTests - Started DemoApplicationTests in 7.101 seconds (JVM running for 7.682)
2019-08-10 14:23:39.985 [Thread-3] INFO  o.s.scheduling.concurrent.ThreadPoolTaskExecutor - Shutting down ExecutorService 'applicationTaskExecutor'
2019-08-10 15:29:38.624 [main] INFO  com.example.demo.DemoApplicationTests - Starting DemoApplicationTests on NSX30013 with PID 2844 (started by ZZU in E:\ideaPro\mySpringBoot)
2019-08-10 15:29:38.626 [main] INFO  com.example.demo.DemoApplicationTests - The following profiles are active: dev
2019-08-10 15:29:39.444 [main] INFO  o.s.d.r.config.RepositoryConfigurationDelegate - Multiple Spring Data modules found, entering strict repository configuration mode!
2019-08-10 15:29:39.447 [main] INFO  o.s.d.r.config.RepositoryConfigurationDelegate - Bootstrapping Spring Data repositories in DEFAULT mode.
2019-08-10 15:29:39.481 [main] INFO  o.s.d.r.config.RepositoryConfigurationDelegate - Finished Spring Data repository scanning in 19ms. Found 0 repository interfaces.
2019-08-10 15:29:39.906 [main] INFO  o.s.c.s.PostProcessorRegistrationDelegate$BeanPostProcessorChecker - Bean 'org.springframework.transaction.annotation.ProxyTransactionManagementConfiguration' of type [org.springframework.transaction.annotation.ProxyTransactionManagementConfiguration$$EnhancerBySpringCGLIB$$2ea81963] is not eligible for getting processed by all BeanPostProcessors (for example: not eligible for auto-proxying)
2019-08-10 15:29:40.291 [main] INFO  o.s.boot.web.embedded.tomcat.TomcatWebServer - Tomcat initialized with port(s): 0 (http)
2019-08-10 15:29:40.322 [main] INFO  org.apache.catalina.core.StandardService - Starting service [Tomcat]
2019-08-10 15:29:40.322 [main] INFO  org.apache.catalina.core.StandardEngine - Starting Servlet engine: [Apache Tomcat/9.0.22]
2019-08-10 15:29:40.523 [main] INFO  o.a.c.c.ContainerBase.[Tomcat].[localhost].[/lxh] - Initializing Spring embedded WebApplicationContext
2019-08-10 15:29:40.523 [main] INFO  org.springframework.web.context.ContextLoader - Root WebApplicationContext: initialization completed in 1876 ms
2019-08-10 15:29:40.995 [main] INFO  o.s.scheduling.concurrent.ThreadPoolTaskExecutor - Initializing ExecutorService 'applicationTaskExecutor'
2019-08-10 15:29:41.648 [main] INFO  o.s.boot.web.embedded.tomcat.TomcatWebServer - Tomcat started on port(s): 36308 (http) with context path '/lxh'
2019-08-10 15:29:41.651 [main] INFO  com.example.demo.DemoApplicationTests - Started DemoApplicationTests in 3.36 seconds (JVM running for 4.167)
2019-08-10 15:29:42.584 [Thread-3] INFO  o.s.scheduling.concurrent.ThreadPoolTaskExecutor - Shutting down ExecutorService 'applicationTaskExecutor'
